  Asteroid.cpp
C:\Users\Nick\Desktop\sfml\Asteroids\Asteroids\Asteroid.cpp(14,30): warning C4244: 'argument': conversion from 'int' to 'T', possible loss of data
          with
          [
              T=float
          ]
C:\Users\Nick\Desktop\sfml\Asteroids\Asteroids\Asteroid.cpp(14,27): warning C4244: 'argument': conversion from 'int' to 'T', possible loss of data
          with
          [
              T=float
          ]
C:\Users\Nick\Desktop\sfml\Asteroids\Asteroids\Asteroid.cpp(84,17): warning C4244: 'initializing': conversion from 'int' to 'float', possible loss of data
  Bullet.cpp
  Game.cpp
C:\Users\Nick\Desktop\sfml\Asteroids\Asteroids\Game.cpp(32,52): warning C4244: 'argument': conversion from 'sf::Int32' to 'float', possible loss of data
  Level.cpp
C:\Users\Nick\Desktop\sfml\Asteroids\Asteroids\Level.cpp(59,33): warning C4244: 'initializing': conversion from 'int' to 'float', possible loss of data
  main.cpp
C:\Users\Nick\Desktop\sfml\Asteroids\Asteroids\main.cpp(4,15): warning C4244: 'argument': conversion from 'time_t' to 'unsigned int', possible loss of data
  Spaceship.cpp
  Generating code
  Previous IPDB not found, fall back to full compilation.
  All 209 functions were compiled because no usable IPDB/IOBJ from previous compilation was found.
  Finished generating code
  Asteroids.vcxproj -> C:\Users\Nick\Desktop\sfml\Asteroids\bin\x64\Release\Asteroids.exe
