  Asteroid.cpp
C:\Users\Nick\Dev\sfml\Asteroids\Asteroids\Asteroid.cpp(14,30): warning C4244: 'argument': conversion from 'int' to 'T', possible loss of data
          with
          [
              T=float
          ]
C:\Users\Nick\Dev\sfml\Asteroids\Asteroids\Asteroid.cpp(14,27): warning C4244: 'argument': conversion from 'int' to 'T', possible loss of data
          with
          [
              T=float
          ]
C:\Users\Nick\Dev\sfml\Asteroids\Asteroids\Asteroid.cpp(84,17): warning C4244: 'initializing': conversion from 'int' to 'float', possible loss of data
  Bullet.cpp
  Game.cpp
C:\Users\Nick\Dev\sfml\Asteroids\Asteroids\Game.cpp(32,52): warning C4244: 'argument': conversion from 'sf::Int32' to 'float', possible loss of data
  Level.cpp
C:\Users\Nick\Dev\sfml\Asteroids\Asteroids\Level.cpp(59,33): warning C4244: 'initializing': conversion from 'int' to 'float', possible loss of data
  main.cpp
  Spaceship.cpp
  Generating Code...
Asteroid.obj : error LNK2019: unresolved external symbol "__declspec(dllimport) class sf::Transform & __cdecl sf::operator*=(class sf::Transform &,class sf::Transform const &)" (__imp_??Xsf@@YAAAVTransform@0@AAV10@ABV10@@Z) referenced in function "public: virtual void __thiscall Asteroid::draw(class sf::RenderTarget &,class sf::RenderStates)const " (?draw@Asteroid@@UBEXAAVRenderTarget@sf@@VRenderStates@3@@Z)
Spaceship.obj : error LNK2001: unresolved external symbol "__declspec(dllimport) class sf::Transform & __cdecl sf::operator*=(class sf::Transform &,class sf::Transform const &)" (__imp_??Xsf@@YAAAVTransform@0@AAV10@ABV10@@Z)
Asteroid.obj : error LNK2019: unresolved external symbol "__declspec(dllimport) public: virtual __thiscall sf::Drawable::~Drawable(void)" (__imp_??1Drawable@sf@@UAE@XZ) referenced in function __unwindfunclet$??0Asteroid@@QAE@H@Z$0
Bullet.obj : error LNK2001: unresolved external symbol "__declspec(dllimport) public: virtual __thiscall sf::Drawable::~Drawable(void)" (__imp_??1Drawable@sf@@UAE@XZ)
Level.obj : error LNK2001: unresolved external symbol "__declspec(dllimport) public: virtual __thiscall sf::Drawable::~Drawable(void)" (__imp_??1Drawable@sf@@UAE@XZ)
Spaceship.obj : error LNK2001: unresolved external symbol "__declspec(dllimport) public: virtual __thiscall sf::Drawable::~Drawable(void)" (__imp_??1Drawable@sf@@UAE@XZ)
Asteroid.obj : error LNK2019: unresolved external symbol "__declspec(dllimport) public: __thiscall sf::Drawable::Drawable(void)" (__imp_??0Drawable@sf@@QAE@XZ) referenced in function "public: __thiscall Asteroid::Asteroid(int)" (??0Asteroid@@QAE@H@Z)
Bullet.obj : error LNK2001: unresolved external symbol "__declspec(dllimport) public: __thiscall sf::Drawable::Drawable(void)" (__imp_??0Drawable@sf@@QAE@XZ)
Spaceship.obj : error LNK2001: unresolved external symbol "__declspec(dllimport) public: __thiscall sf::Drawable::Drawable(void)" (__imp_??0Drawable@sf@@QAE@XZ)
Asteroid.obj : error LNK2019: unresolved external symbol "__declspec(dllimport) public: __thiscall sf::Transformable::Transformable(void)" (__imp_??0Transformable@sf@@QAE@XZ) referenced in function "public: __thiscall Asteroid::Asteroid(int)" (??0Asteroid@@QAE@H@Z)
Bullet.obj : error LNK2001: unresolved external symbol "__declspec(dllimport) public: __thiscall sf::Transformable::Transformable(void)" (__imp_??0Transformable@sf@@QAE@XZ)
Spaceship.obj : error LNK2001: unresolved external symbol "__declspec(dllimport) public: __thiscall sf::Transformable::Transformable(void)" (__imp_??0Transformable@sf@@QAE@XZ)
Asteroid.obj : error LNK2019: unresolved external symbol "__declspec(dllimport) public: virtual __thiscall sf::Transformable::~Transformable(void)" (__imp_??1Transformable@sf@@UAE@XZ) referenced in function __unwindfunclet$??0Asteroid@@QAE@H@Z$1
Bullet.obj : error LNK2001: unresolved external symbol "__declspec(dllimport) public: virtual __thiscall sf::Transformable::~Transformable(void)" (__imp_??1Transformable@sf@@UAE@XZ)
Level.obj : error LNK2001: unresolved external symbol "__declspec(dllimport) public: virtual __thiscall sf::Transformable::~Transformable(void)" (__imp_??1Transformable@sf@@UAE@XZ)
Spaceship.obj : error LNK2001: unresolved external symbol "__declspec(dllimport) public: virtual __thiscall sf::Transformable::~Transformable(void)" (__imp_??1Transformable@sf@@UAE@XZ)
Asteroid.obj : error LNK2019: unresolved external symbol "__declspec(dllimport) public: void __thiscall sf::Transformable::setPosition(class sf::Vector2<float> const &)" (__imp_?setPosition@Transformable@sf@@QAEXABV?$Vector2@M@2@@Z) referenced in function "public: __thiscall Asteroid::Asteroid(int)" (??0Asteroid@@QAE@H@Z)
Bullet.obj : error LNK2001: unresolved external symbol "__declspec(dllimport) public: void __thiscall sf::Transformable::setPosition(class sf::Vector2<float> const &)" (__imp_?setPosition@Transformable@sf@@QAEXABV?$Vector2@M@2@@Z)
main.obj : error LNK2001: unresolved external symbol "__declspec(dllimport) public: void __thiscall sf::Transformable::setPosition(class sf::Vector2<float> const &)" (__imp_?setPosition@Transformable@sf@@QAEXABV?$Vector2@M@2@@Z)
Spaceship.obj : error LNK2001: unresolved external symbol "__declspec(dllimport) public: void __thiscall sf::Transformable::setPosition(class sf::Vector2<float> const &)" (__imp_?setPosition@Transformable@sf@@QAEXABV?$Vector2@M@2@@Z)
Asteroid.obj : error LNK2019: unresolved external symbol "__declspec(dllimport) public: void __thiscall sf::Transformable::setOrigin(float,float)" (__imp_?setOrigin@Transformable@sf@@QAEXMM@Z) referenced in function "public: __thiscall Asteroid::Asteroid(int)" (??0Asteroid@@QAE@H@Z)
Spaceship.obj : error LNK2001: unresolved external symbol "__declspec(dllimport) public: class sf::Vector2<float> const & __thiscall sf::Transformable::getPosition(void)const " (__imp_?getPosition@Transformable@sf@@QBEABV?$Vector2@M@2@XZ)
Asteroid.obj : error LNK2001: unresolved external symbol "__declspec(dllimport) public: class sf::Vector2<float> const & __thiscall sf::Transformable::getPosition(void)const " (__imp_?getPosition@Transformable@sf@@QBEABV?$Vector2@M@2@XZ)
Bullet.obj : error LNK2001: unresolved external symbol "__declspec(dllimport) public: class sf::Vector2<float> const & __thiscall sf::Transformable::getPosition(void)const " (__imp_?getPosition@Transformable@sf@@QBEABV?$Vector2@M@2@XZ)
Level.obj : error LNK2001: unresolved external symbol "__declspec(dllimport) public: class sf::Vector2<float> const & __thiscall sf::Transformable::getPosition(void)const " (__imp_?getPosition@Transformable@sf@@QBEABV?$Vector2@M@2@XZ)
main.obj : error LNK2001: unresolved external symbol "__declspec(dllimport) public: class sf::Vector2<float> const & __thiscall sf::Transformable::getPosition(void)const " (__imp_?getPosition@Transformable@sf@@QBEABV?$Vector2@M@2@XZ)
Asteroid.obj : error LNK2019: unresolved external symbol "__declspec(dllimport) public: void __thiscall sf::Transformable::move(class sf::Vector2<float> const &)" (__imp_?move@Transformable@sf@@QAEXABV?$Vector2@M@2@@Z) referenced in function "public: void __thiscall Asteroid::update(float)" (?update@Asteroid@@QAEXM@Z)
Bullet.obj : error LNK2001: unresolved external symbol "__declspec(dllimport) public: void __thiscall sf::Transformable::move(class sf::Vector2<float> const &)" (__imp_?move@Transformable@sf@@QAEXABV?$Vector2@M@2@@Z)
Spaceship.obj : error LNK2001: unresolved external symbol "__declspec(dllimport) public: void __thiscall sf::Transformable::move(class sf::Vector2<float> const &)" (__imp_?move@Transformable@sf@@QAEXABV?$Vector2@M@2@@Z)
Asteroid.obj : error LNK2019: unresolved external symbol "__declspec(dllimport) public: class sf::Transform const & __thiscall sf::Transformable::getTransform(void)const " (__imp_?getTransform@Transformable@sf@@QBEABVTransform@2@XZ) referenced in function "public: virtual void __thiscall Asteroid::draw(class sf::RenderTarget &,class sf::RenderStates)const " (?draw@Asteroid@@UBEXAAVRenderTarget@sf@@VRenderStates@3@@Z)
Spaceship.obj : error LNK2001: unresolved external symbol "__declspec(dllimport) public: class sf::Transform const & __thiscall sf::Transformable::getTransform(void)const " (__imp_?getTransform@Transformable@sf@@QBEABVTransform@2@XZ)
Asteroid.obj : error LNK2019: unresolved external symbol "__declspec(dllimport) public: void __thiscall sf::Shape::setFillColor(class sf::Color const &)" (__imp_?setFillColor@Shape@sf@@QAEXABVColor@2@@Z) referenced in function "public: __thiscall Asteroid::Asteroid(int)" (??0Asteroid@@QAE@H@Z)
main.obj : error LNK2001: unresolved external symbol "__declspec(dllimport) public: void __thiscall sf::Shape::setFillColor(class sf::Color const &)" (__imp_?setFillColor@Shape@sf@@QAEXABVColor@2@@Z)
Spaceship.obj : error LNK2001: unresolved external symbol "__declspec(dllimport) public: void __thiscall sf::Shape::setFillColor(class sf::Color const &)" (__imp_?setFillColor@Shape@sf@@QAEXABVColor@2@@Z)
Asteroid.obj : error LNK2019: unresolved external symbol "__declspec(dllimport) public: void __thiscall sf::Shape::setOutlineColor(class sf::Color const &)" (__imp_?setOutlineColor@Shape@sf@@QAEXABVColor@2@@Z) referenced in function "public: __thiscall Asteroid::Asteroid(int)" (??0Asteroid@@QAE@H@Z)
Spaceship.obj : error LNK2001: unresolved external symbol "__declspec(dllimport) public: void __thiscall sf::Shape::setOutlineColor(class sf::Color const &)" (__imp_?setOutlineColor@Shape@sf@@QAEXABVColor@2@@Z)
Asteroid.obj : error LNK2019: unresolved external symbol "__declspec(dllimport) public: void __thiscall sf::Shape::setOutlineThickness(float)" (__imp_?setOutlineThickness@Shape@sf@@QAEXM@Z) referenced in function "public: __thiscall Asteroid::Asteroid(int)" (??0Asteroid@@QAE@H@Z)
main.obj : error LNK2001: unresolved external symbol "__declspec(dllimport) public: void __thiscall sf::Shape::setOutlineThickness(float)" (__imp_?setOutlineThickness@Shape@sf@@QAEXM@Z)
Spaceship.obj : error LNK2001: unresolved external symbol "__declspec(dllimport) public: void __thiscall sf::Shape::setOutlineThickness(float)" (__imp_?setOutlineThickness@Shape@sf@@QAEXM@Z)
Asteroid.obj : error LNK2019: unresolved external symbol "__declspec(dllimport) public: __thiscall sf::CircleShape::CircleShape(float,unsigned int)" (__imp_??0CircleShape@sf@@QAE@MI@Z) referenced in function "public: __thiscall Asteroid::Asteroid(int)" (??0Asteroid@@QAE@H@Z)
Asteroid.obj : error LNK2019: unresolved external symbol "__declspec(dllimport) public: void __thiscall sf::CircleShape::setRadius(float)" (__imp_?setRadius@CircleShape@sf@@QAEXM@Z) referenced in function "public: __thiscall Asteroid::Asteroid(int)" (??0Asteroid@@QAE@H@Z)
Asteroid.obj : error LNK2019: unresolved external symbol "__declspec(dllimport) public: void __thiscall sf::CircleShape::setPointCount(unsigned int)" (__imp_?setPointCount@CircleShape@sf@@QAEXI@Z) referenced in function "public: __thiscall Asteroid::Asteroid(int)" (??0Asteroid@@QAE@H@Z)
Asteroid.obj : error LNK2019: unresolved external symbol "__declspec(dllimport) public: virtual __thiscall sf::CircleShape::~CircleShape(void)" (__imp_??1CircleShape@sf@@UAE@XZ) referenced in function __unwindfunclet$??0Asteroid@@QAE@H@Z$2
Asteroid.obj : error LNK2019: unresolved external symbol "__declspec(dllimport) public: void __thiscall sf::RenderTarget::draw(class sf::Drawable const &,class sf::RenderStates const &)" (__imp_?draw@RenderTarget@sf@@QAEXABVDrawable@2@ABVRenderStates@2@@Z) referenced in function "public: virtual void __thiscall Asteroid::draw(class sf::RenderTarget &,class sf::RenderStates)const " (?draw@Asteroid@@UBEXAAVRenderTarget@sf@@VRenderStates@3@@Z)
Level.obj : error LNK2001: unresolved external symbol "__declspec(dllimport) public: void __thiscall sf::RenderTarget::draw(class sf::Drawable const &,class sf::RenderStates const &)" (__imp_?draw@RenderTarget@sf@@QAEXABVDrawable@2@ABVRenderStates@2@@Z)
main.obj : error LNK2001: unresolved external symbol "__declspec(dllimport) public: void __thiscall sf::RenderTarget::draw(class sf::Drawable const &,class sf::RenderStates const &)" (__imp_?draw@RenderTarget@sf@@QAEXABVDrawable@2@ABVRenderStates@2@@Z)
Spaceship.obj : error LNK2001: unresolved external symbol "__declspec(dllimport) public: void __thiscall sf::RenderTarget::draw(class sf::Drawable const &,class sf::RenderStates const &)" (__imp_?draw@RenderTarget@sf@@QAEXABVDrawable@2@ABVRenderStates@2@@Z)
Asteroid.obj : error LNK2019: unresolved external symbol "__declspec(dllimport) public: static class sf::Color const sf::Color::Black" (__imp_?Black@Color@sf@@2V12@B) referenced in function "public: __thiscall Asteroid::Asteroid(int)" (??0Asteroid@@QAE@H@Z)
Asteroid.obj : error LNK2019: unresolved external symbol "__declspec(dllimport) public: static class sf::Color const sf::Color::White" (__imp_?White@Color@sf@@2V12@B) referenced in function "public: __thiscall Asteroid::Asteroid(int)" (??0Asteroid@@QAE@H@Z)
Spaceship.obj : error LNK2001: unresolved external symbol "__declspec(dllimport) public: static class sf::Color const sf::Color::White" (__imp_?White@Color@sf@@2V12@B)
Bullet.obj : error LNK2019: unresolved external symbol "__declspec(dllimport) public: __thiscall sf::Vertex::Vertex(class sf::Vector2<float> const &)" (__imp_??0Vertex@sf@@QAE@ABV?$Vector2@M@1@@Z) referenced in function "public: virtual void __thiscall Bullet::draw(class sf::RenderTarget &,class sf::RenderStates)const " (?draw@Bullet@@UBEXAAVRenderTarget@sf@@VRenderStates@3@@Z)
Bullet.obj : error LNK2019: unresolved external symbol "__declspec(dllimport) public: void __thiscall sf::RenderTarget::draw(class sf::Vertex const *,unsigned int,enum sf::PrimitiveType,class sf::RenderStates const &)" (__imp_?draw@RenderTarget@sf@@QAEXPBVVertex@2@IW4PrimitiveType@2@ABVRenderStates@2@@Z) referenced in function "public: virtual void __thiscall Bullet::draw(class sf::RenderTarget &,class sf::RenderStates)const " (?draw@Bullet@@UBEXAAVRenderTarget@sf@@VRenderStates@3@@Z)
Game.obj : error LNK2019: unresolved external symbol "__declspec(dllimport) public: int __thiscall sf::Time::asMilliseconds(void)const " (__imp_?asMilliseconds@Time@sf@@QBEHXZ) referenced in function "public: int __thiscall Game::run(void)" (?run@Game@@QAEHXZ)
Game.obj : error LNK2019: unresolved external symbol "__declspec(dllimport) public: __thiscall sf::Clock::Clock(void)" (__imp_??0Clock@sf@@QAE@XZ) referenced in function "public: int __thiscall Game::run(void)" (?run@Game@@QAEHXZ)
main.obj : error LNK2001: unresolved external symbol "__declspec(dllimport) public: __thiscall sf::Clock::Clock(void)" (__imp_??0Clock@sf@@QAE@XZ)
Game.obj : error LNK2019: unresolved external symbol "__declspec(dllimport) public: class sf::Time __thiscall sf::Clock::restart(void)" (__imp_?restart@Clock@sf@@QAE?AVTime@2@XZ) referenced in function "public: int __thiscall Game::run(void)" (?run@Game@@QAEHXZ)
main.obj : error LNK2001: unresolved external symbol "__declspec(dllimport) public: class sf::Time __thiscall sf::Clock::restart(void)" (__imp_?restart@Clock@sf@@QAE?AVTime@2@XZ)
Game.obj : error LNK2019: unresolved external symbol "__declspec(dllimport) public: __thiscall sf::String::String(char const *,class std::locale const &)" (__imp_??0String@sf@@QAE@PBDABVlocale@std@@@Z) referenced in function "private: void __thiscall Game::createWindow(void)" (?createWindow@Game@@AAEXXZ)
main.obj : error LNK2001: unresolved external symbol "__declspec(dllimport) public: __thiscall sf::String::String(char const *,class std::locale const &)" (__imp_??0String@sf@@QAE@PBDABVlocale@std@@@Z)
Game.obj : error LNK2019: unresolved external symbol "__declspec(dllimport) public: __thiscall sf::String::~String(void)" (__imp_??1String@sf@@QAE@XZ) referenced in function "private: void __thiscall Game::createWindow(void)" (?createWindow@Game@@AAEXXZ)
main.obj : error LNK2001: unresolved external symbol "__declspec(dllimport) public: __thiscall sf::String::~String(void)" (__imp_??1String@sf@@QAE@XZ)
Game.obj : error LNK2019: unresolved external symbol "__declspec(dllimport) public: __thiscall sf::VideoMode::VideoMode(unsigned int,unsigned int,unsigned int)" (__imp_??0VideoMode@sf@@QAE@III@Z) referenced in function "private: void __thiscall Game::createWindow(void)" (?createWindow@Game@@AAEXXZ)
main.obj : error LNK2001: unresolved external symbol "__declspec(dllimport) public: __thiscall sf::VideoMode::VideoMode(unsigned int,unsigned int,unsigned int)" (__imp_??0VideoMode@sf@@QAE@III@Z)
Game.obj : error LNK2019: unresolved external symbol "__declspec(dllimport) public: void __thiscall sf::Window::create(class sf::VideoMode,class sf::String const &,unsigned int,struct sf::ContextSettings const &)" (__imp_?create@Window@sf@@QAEXVVideoMode@2@ABVString@2@IABUContextSettings@2@@Z) referenced in function "private: void __thiscall Game::createWindow(void)" (?createWindow@Game@@AAEXXZ)
Game.obj : error LNK2019: unresolved external symbol "__declspec(dllimport) public: void __thiscall sf::Window::close(void)" (__imp_?close@Window@sf@@QAEXXZ) referenced in function "public: __thiscall Game::~Game(void)" (??1Game@@QAE@XZ)
main.obj : error LNK2001: unresolved external symbol "__declspec(dllimport) public: void __thiscall sf::Window::close(void)" (__imp_?close@Window@sf@@QAEXXZ)
Game.obj : error LNK2019: unresolved external symbol "__declspec(dllimport) public: bool __thiscall sf::Window::isOpen(void)const " (__imp_?isOpen@Window@sf@@QBE_NXZ) referenced in function "private: void __thiscall Game::createWindow(void)" (?createWindow@Game@@AAEXXZ)
main.obj : error LNK2001: unresolved external symbol "__declspec(dllimport) public: bool __thiscall sf::Window::isOpen(void)const " (__imp_?isOpen@Window@sf@@QBE_NXZ)
Game.obj : error LNK2019: unresolved external symbol "__declspec(dllimport) public: bool __thiscall sf::Window::pollEvent(class sf::Event &)" (__imp_?pollEvent@Window@sf@@QAE_NAAVEvent@2@@Z) referenced in function "public: int __thiscall Game::run(void)" (?run@Game@@QAEHXZ)
main.obj : error LNK2001: unresolved external symbol "__declspec(dllimport) public: bool __thiscall sf::Window::pollEvent(class sf::Event &)" (__imp_?pollEvent@Window@sf@@QAE_NAAVEvent@2@@Z)
Game.obj : error LNK2019: unresolved external symbol "__declspec(dllimport) public: void __thiscall sf::Window::setKeyRepeatEnabled(bool)" (__imp_?setKeyRepeatEnabled@Window@sf@@QAEX_N@Z) referenced in function "private: void __thiscall Game::createWindow(void)" (?createWindow@Game@@AAEXXZ)
Game.obj : error LNK2019: unresolved external symbol "__declspec(dllimport) public: void __thiscall sf::Window::setFramerateLimit(unsigned int)" (__imp_?setFramerateLimit@Window@sf@@QAEXI@Z) referenced in function "private: void __thiscall Game::createWindow(void)" (?createWindow@Game@@AAEXXZ)
main.obj : error LNK2001: unresolved external symbol "__declspec(dllimport) public: void __thiscall sf::Window::setFramerateLimit(unsigned int)" (__imp_?setFramerateLimit@Window@sf@@QAEXI@Z)
Game.obj : error LNK2019: unresolved external symbol "__declspec(dllimport) public: void __thiscall sf::Window::display(void)" (__imp_?display@Window@sf@@QAEXXZ) referenced in function "public: int __thiscall Game::run(void)" (?run@Game@@QAEHXZ)
main.obj : error LNK2001: unresolved external symbol "__declspec(dllimport) public: void __thiscall sf::Window::display(void)" (__imp_?display@Window@sf@@QAEXXZ)
Game.obj : error LNK2019: unresolved external symbol "__declspec(dllimport) public: __thiscall sf::Color::Color(unsigned char,unsigned char,unsigned char,unsigned char)" (__imp_??0Color@sf@@QAE@EEEE@Z) referenced in function "public: int __thiscall Game::run(void)" (?run@Game@@QAEHXZ)
main.obj : error LNK2001: unresolved external symbol "__declspec(dllimport) public: __thiscall sf::Color::Color(unsigned char,unsigned char,unsigned char,unsigned char)" (__imp_??0Color@sf@@QAE@EEEE@Z)
Spaceship.obj : error LNK2001: unresolved external symbol "__declspec(dllimport) public: __thiscall sf::Color::Color(unsigned char,unsigned char,unsigned char,unsigned char)" (__imp_??0Color@sf@@QAE@EEEE@Z)
Game.obj : error LNK2019: unresolved external symbol "__declspec(dllimport) public: void __thiscall sf::RenderTarget::clear(class sf::Color const &)" (__imp_?clear@RenderTarget@sf@@QAEXABVColor@2@@Z) referenced in function "public: int __thiscall Game::run(void)" (?run@Game@@QAEHXZ)
main.obj : error LNK2001: unresolved external symbol "__declspec(dllimport) public: void __thiscall sf::RenderTarget::clear(class sf::Color const &)" (__imp_?clear@RenderTarget@sf@@QAEXABVColor@2@@Z)
Game.obj : error LNK2019: unresolved external symbol "__declspec(dllimport) public: __thiscall sf::RenderWindow::RenderWindow(void)" (__imp_??0RenderWindow@sf@@QAE@XZ) referenced in function "public: __thiscall Game::Game(void)" (??0Game@@QAE@XZ)
Game.obj : error LNK2019: unresolved external symbol "__declspec(dllimport) public: virtual __thiscall sf::RenderWindow::~RenderWindow(void)" (__imp_??1RenderWindow@sf@@UAE@XZ) referenced in function "public: __thiscall Game::~Game(void)" (??1Game@@QAE@XZ)
main.obj : error LNK2001: unresolved external symbol "__declspec(dllimport) public: virtual __thiscall sf::RenderWindow::~RenderWindow(void)" (__imp_??1RenderWindow@sf@@UAE@XZ)
Level.obj : error LNK2019: unresolved external symbol "__declspec(dllimport) public: static bool __cdecl sf::Keyboard::isKeyPressed(enum sf::Keyboard::Key)" (__imp_?isKeyPressed@Keyboard@sf@@SA_NW4Key@12@@Z) referenced in function "public: void __thiscall Level::onEvent(class sf::Event const &)" (?onEvent@Level@@QAEXABVEvent@sf@@@Z)
main.obj : error LNK2001: unresolved external symbol "__declspec(dllimport) public: static bool __cdecl sf::Keyboard::isKeyPressed(enum sf::Keyboard::Key)" (__imp_?isKeyPressed@Keyboard@sf@@SA_NW4Key@12@@Z)
Spaceship.obj : error LNK2001: unresolved external symbol "__declspec(dllimport) public: static bool __cdecl sf::Keyboard::isKeyPressed(enum sf::Keyboard::Key)" (__imp_?isKeyPressed@Keyboard@sf@@SA_NW4Key@12@@Z)
Level.obj : error LNK2019: unresolved external symbol "__declspec(dllimport) public: __thiscall sf::Drawable::Drawable(class sf::Drawable const &)" (__imp_??0Drawable@sf@@QAE@ABV01@@Z) referenced in function "public: __thiscall Asteroid::Asteroid(class Asteroid const &)" (??0Asteroid@@QAE@ABV0@@Z)
Level.obj : error LNK2019: unresolved external symbol "__declspec(dllimport) public: class sf::Drawable & __thiscall sf::Drawable::operator=(class sf::Drawable const &)" (__imp_??4Drawable@sf@@QAEAAV01@ABV01@@Z) referenced in function "public: class Asteroid & __thiscall Asteroid::operator=(class Asteroid const &)" (??4Asteroid@@QAEAAV0@ABV0@@Z)
Level.obj : error LNK2019: unresolved external symbol "__declspec(dllimport) public: float __thiscall sf::Transformable::getRotation(void)const " (__imp_?getRotation@Transformable@sf@@QBEMXZ) referenced in function "public: void __thiscall Level::onEvent(class sf::Event const &)" (?onEvent@Level@@QAEXABVEvent@sf@@@Z)
main.obj : error LNK2001: unresolved external symbol "__declspec(dllimport) public: float __thiscall sf::Transformable::getRotation(void)const " (__imp_?getRotation@Transformable@sf@@QBEMXZ)
Spaceship.obj : error LNK2001: unresolved external symbol "__declspec(dllimport) public: float __thiscall sf::Transformable::getRotation(void)const " (__imp_?getRotation@Transformable@sf@@QBEMXZ)
Level.obj : error LNK2019: unresolved external symbol "__declspec(dllimport) public: __thiscall sf::Transformable::Transformable(class sf::Transformable const &)" (__imp_??0Transformable@sf@@QAE@ABV01@@Z) referenced in function "public: __thiscall Asteroid::Asteroid(class Asteroid const &)" (??0Asteroid@@QAE@ABV0@@Z)
Level.obj : error LNK2019: unresolved external symbol "__declspec(dllimport) public: class sf::Transformable & __thiscall sf::Transformable::operator=(class sf::Transformable const &)" (__imp_??4Transformable@sf@@QAEAAV01@ABV01@@Z) referenced in function "public: class Asteroid & __thiscall Asteroid::operator=(class Asteroid const &)" (??4Asteroid@@QAEAAV0@ABV0@@Z)
Level.obj : error LNK2019: unresolved external symbol "__declspec(dllimport) public: __thiscall sf::CircleShape::CircleShape(class sf::CircleShape const &)" (__imp_??0CircleShape@sf@@QAE@ABV01@@Z) referenced in function "public: __thiscall Asteroid::Asteroid(class Asteroid const &)" (??0Asteroid@@QAE@ABV0@@Z)
Level.obj : error LNK2019: unresolved external symbol "__declspec(dllimport) public: class sf::CircleShape & __thiscall sf::CircleShape::operator=(class sf::CircleShape const &)" (__imp_??4CircleShape@sf@@QAEAAV01@ABV01@@Z) referenced in function "public: class Asteroid & __thiscall Asteroid::operator=(class Asteroid const &)" (??4Asteroid@@QAEAAV0@ABV0@@Z)
Level.obj : error LNK2019: unresolved external symbol "__declspec(dllimport) public: static class sf::RenderStates const sf::RenderStates::Default" (__imp_?Default@RenderStates@sf@@2V12@B) referenced in function "public: void __thiscall Level::show(class sf::RenderTarget &)" (?show@Level@@QAEXAAVRenderTarget@sf@@@Z)
main.obj : error LNK2001: unresolved external symbol "__declspec(dllimport) public: static class sf::RenderStates const sf::RenderStates::Default" (__imp_?Default@RenderStates@sf@@2V12@B)
main.obj : error LNK2019: unresolved external symbol "__declspec(dllimport) public: float __thiscall sf::Time::asSeconds(void)const " (__imp_?asSeconds@Time@sf@@QBEMXZ) referenced in function _main
main.obj : error LNK2019: unresolved external symbol "__declspec(dllimport) public: void __thiscall sf::Transformable::setPosition(float,float)" (__imp_?setPosition@Transformable@sf@@QAEXMM@Z) referenced in function _main
Spaceship.obj : error LNK2001: unresolved external symbol "__declspec(dllimport) public: void __thiscall sf::Transformable::setPosition(float,float)" (__imp_?setPosition@Transformable@sf@@QAEXMM@Z)
main.obj : error LNK2019: unresolved external symbol "__declspec(dllimport) public: void __thiscall sf::Transformable::setRotation(float)" (__imp_?setRotation@Transformable@sf@@QAEXM@Z) referenced in function _main
Spaceship.obj : error LNK2001: unresolved external symbol "__declspec(dllimport) public: void __thiscall sf::Transformable::setRotation(float)" (__imp_?setRotation@Transformable@sf@@QAEXM@Z)
main.obj : error LNK2019: unresolved external symbol "__declspec(dllimport) public: __thiscall sf::ConvexShape::ConvexShape(unsigned int)" (__imp_??0ConvexShape@sf@@QAE@I@Z) referenced in function "public: __thiscall CollidableConvex::CollidableConvex(void)" (??0CollidableConvex@@QAE@XZ)
Spaceship.obj : error LNK2001: unresolved external symbol "__declspec(dllimport) public: __thiscall sf::ConvexShape::ConvexShape(unsigned int)" (__imp_??0ConvexShape@sf@@QAE@I@Z)
main.obj : error LNK2019: unresolved external symbol "__declspec(dllimport) public: void __thiscall sf::ConvexShape::setPointCount(unsigned int)" (__imp_?setPointCount@ConvexShape@sf@@QAEXI@Z) referenced in function _main
Spaceship.obj : error LNK2001: unresolved external symbol "__declspec(dllimport) public: void __thiscall sf::ConvexShape::setPointCount(unsigned int)" (__imp_?setPointCount@ConvexShape@sf@@QAEXI@Z)
main.obj : error LNK2019: unresolved external symbol "__declspec(dllimport) public: void __thiscall sf::ConvexShape::setPoint(unsigned int,class sf::Vector2<float> const &)" (__imp_?setPoint@ConvexShape@sf@@QAEXIABV?$Vector2@M@2@@Z) referenced in function "public: void __thiscall CollidableConvex::setColliderPoint(int,class sf::Vector2<float> const &)" (?setColliderPoint@CollidableConvex@@QAEXHABV?$Vector2@M@sf@@@Z)
Spaceship.obj : error LNK2001: unresolved external symbol "__declspec(dllimport) public: void __thiscall sf::ConvexShape::setPoint(unsigned int,class sf::Vector2<float> const &)" (__imp_?setPoint@ConvexShape@sf@@QAEXIABV?$Vector2@M@2@@Z)
main.obj : error LNK2019: unresolved external symbol "__declspec(dllimport) public: virtual __thiscall sf::ConvexShape::~ConvexShape(void)" (__imp_??1ConvexShape@sf@@UAE@XZ) referenced in function __unwindfunclet$??0CollidableConvex@@QAE@ABV0@@Z$0
Spaceship.obj : error LNK2001: unresolved external symbol "__declspec(dllimport) public: virtual __thiscall sf::ConvexShape::~ConvexShape(void)" (__imp_??1ConvexShape@sf@@UAE@XZ)
main.obj : error LNK2019: unresolved external symbol "__declspec(dllimport) public: __thiscall sf::ConvexShape::ConvexShape(class sf::ConvexShape const &)" (__imp_??0ConvexShape@sf@@QAE@ABV01@@Z) referenced in function "public: __thiscall CollidableConvex::CollidableConvex(class CollidableConvex const &)" (??0CollidableConvex@@QAE@ABV0@@Z)
main.obj : error LNK2019: unresolved external symbol "__declspec(dllimport) public: __thiscall sf::RenderWindow::RenderWindow(class sf::VideoMode,class sf::String const &,unsigned int,struct sf::ContextSettings const &)" (__imp_??0RenderWindow@sf@@QAE@VVideoMode@1@ABVString@1@IABUContextSettings@1@@Z) referenced in function _main
main.obj : error LNK2001: unresolved external symbol "public: virtual unsigned int __thiscall sf::ConvexShape::getPointCount(void)const " (?getPointCount@ConvexShape@sf@@UBEIXZ)
main.obj : error LNK2001: unresolved external symbol "public: virtual class sf::Vector2<float> __thiscall sf::ConvexShape::getPoint(unsigned int)const " (?getPoint@ConvexShape@sf@@UBE?AV?$Vector2@M@2@I@Z)
main.obj : error LNK2001: unresolved external symbol "private: virtual void __thiscall sf::Shape::draw(class sf::RenderTarget &,class sf::RenderStates)const " (?draw@Shape@sf@@EBEXAAVRenderTarget@2@VRenderStates@2@@Z)
main.obj : error LNK2019: unresolved external symbol "__declspec(dllimport) public: static class sf::Color const sf::Color::Transparent" (__imp_?Transparent@Color@sf@@2V12@B) referenced in function _main
Spaceship.obj : error LNK2019: unresolved external symbol "__declspec(dllimport) public: void __thiscall sf::Transformable::rotate(float)" (__imp_?rotate@Transformable@sf@@QAEXM@Z) referenced in function "public: void __thiscall Spaceship::update(float)" (?update@Spaceship@@QAEXM@Z)
C:\Users\Nick\Dev\sfml\Asteroids\Dependencies\SFML-2.5.1\lib\sfml-graphics-d.lib : warning LNK4272: library machine type 'x64' conflicts with target machine type 'x86'
C:\Users\Nick\Dev\sfml\Asteroids\Dependencies\SFML-2.5.1\lib\sfml-window-d.lib : warning LNK4272: library machine type 'x64' conflicts with target machine type 'x86'
C:\Users\Nick\Dev\sfml\Asteroids\Dependencies\SFML-2.5.1\lib\sfml-system-d.lib : warning LNK4272: library machine type 'x64' conflicts with target machine type 'x86'
C:\Users\Nick\Dev\sfml\Asteroids\Dependencies\SFML-2.5.1\lib\sfml-audio-d.lib : warning LNK4272: library machine type 'x64' conflicts with target machine type 'x86'
C:\Users\Nick\Dev\sfml\Asteroids\bin\Win32\Debug\Asteroids.exe : fatal error LNK1120: 62 unresolved externals
